<?xml version="1.0" encoding="UTF-8"?>
<!-- Generated by org.testng.reporters.JUnitReportReporter -->
<testsuite hostname="VIJAYB-IN" failures="0" tests="5" name="com.tests.LoginTest" time="3.997" errors="0" timestamp="22 May 2021 15:41:11 GMT" skipped="0">
  <testcase classname="com.tests.LoginTest" name="Login_Test_TC1_2_3" time="1.762"/>
  <testcase classname="com.tests.LoginTest" name="Login_Test_TC8" time="0.623"/>
  <testcase classname="com.tests.LoginTest" name="Login_Test_TC4" time="0.798"/>
  <testcase classname="com.tests.LoginTest" name="Login_Test_TC9" time="0.189"/>
  <testcase classname="com.tests.LoginTest" name="Login_Test_TC16" time="0.625"/>
</testsuite> <!-- com.tests.LoginTest -->
